<?xml version="1.0" encoding="UTF-8"?>
<testng-results skipped="0" failed="0" ignored="0" total="2" passed="2">
  <reporter-output>
  </reporter-output>
  <suite name="Suite" duration-ms="44248" started-at="2021-05-27T12:14:17 IST" finished-at="2021-05-27T12:15:01 IST">
    <groups>
    </groups>
    <test name="Test" duration-ms="44248" started-at="2021-05-27T12:14:17 IST" finished-at="2021-05-27T12:15:01 IST">
      <class name="com.ita.tests.HomePageTest">
        <test-method status="PASS" signature="openBrowser()[pri:0, instance:com.ita.tests.HomePageTest@305ffe9e]" name="openBrowser" is-config="true" duration-ms="14" started-at="2021-05-27T12:14:17 IST" finished-at="2021-05-27T12:14:17 IST">
          <reporter-output>
          </reporter-output>
        </test-method> <!-- openBrowser -->
        <test-method status="PASS" signature="initialize()[pri:0, instance:com.ita.tests.HomePageTest@305ffe9e]" name="initialize" is-config="true" duration-ms="10294" started-at="2021-05-27T12:14:17 IST" finished-at="2021-05-27T12:14:27 IST">
          <reporter-output>
          </reporter-output>
        </test-method> <!-- initialize -->
        <test-method status="PASS" signature="verifyHomePage()[pri:1, instance:com.ita.tests.HomePageTest@305ffe9e]" name="verifyHomePage" duration-ms="23800" started-at="2021-05-27T12:14:27 IST" finished-at="2021-05-27T12:14:51 IST">
          <reporter-output>
          </reporter-output>
        </test-method> <!-- verifyHomePage -->
        <test-method status="PASS" signature="addFileandSubmit()[pri:2, instance:com.ita.tests.HomePageTest@305ffe9e]" name="addFileandSubmit" duration-ms="10120" started-at="2021-05-27T12:14:51 IST" finished-at="2021-05-27T12:15:01 IST">
          <reporter-output>
          </reporter-output>
        </test-method> <!-- addFileandSubmit -->
        <test-method status="PASS" signature="closeBrowser()[pri:0, instance:com.ita.tests.HomePageTest@305ffe9e]" name="closeBrowser" is-config="true" duration-ms="1390" started-at="2021-05-27T12:15:02 IST" finished-at="2021-05-27T12:15:03 IST">
          <reporter-output>
          </reporter-output>
        </test-method> <!-- closeBrowser -->
      </class> <!-- com.ita.tests.HomePageTest -->
    </test> <!-- Test -->
  </suite> <!-- Suite -->
</testng-results>
